2023-12-17 14:12:330 INFO  HomePage :29 - Clicking on login link : [[ChromeDriver: chrome on windows (68f0fbde940a1accfcefb20d385b0ec9)] -> link text: Log in]
2023-12-17 14:12:405 INFO  LoginPage :47 - Getting text from : [[ChromeDriver: chrome on windows (68f0fbde940a1accfcefb20d385b0ec9)] -> xpath: //h1[contains(text(),'Welcome, Please Sign In!')]]
2023-12-17 14:12:418 INFO  HomePage :29 - Clicking on login link : [[ChromeDriver: chrome on windows (ccaa487f8ed162d4e400c432549f3883)] -> link text: Log in]
2023-12-17 14:12:709 INFO  LoginPage :54 - email [[ChromeDriver: chrome on windows (ccaa487f8ed162d4e400c432549f3883)] -> id: Email]
2023-12-17 14:12:873 INFO  LoginPage :60 - passward[[ChromeDriver: chrome on windows (ccaa487f8ed162d4e400c432549f3883)] -> name: Password]
2023-12-17 14:12:321 INFO  LoginPage :66 - login[[ChromeDriver: chrome on windows (ccaa487f8ed162d4e400c432549f3883)] -> xpath: //button[contains(text(),'Log in')]]
2023-12-17 14:12:741 INFO  HomePage :29 - Clicking on login link : [[ChromeDriver: chrome on windows (4edfcfe2c79d837ec3e7b241d12a4455)] -> link text: Log in]
2023-12-17 14:12:965 INFO  LoginPage :54 - email [[ChromeDriver: chrome on windows (4edfcfe2c79d837ec3e7b241d12a4455)] -> id: Email]
2023-12-17 14:12:53 INFO  LoginPage :60 - passward[[ChromeDriver: chrome on windows (4edfcfe2c79d837ec3e7b241d12a4455)] -> name: Password]
2023-12-17 14:12:367 INFO  LoginPage :66 - login[[ChromeDriver: chrome on windows (4edfcfe2c79d837ec3e7b241d12a4455)] -> xpath: //button[contains(text(),'Log in')]]
2023-12-17 14:12:893 INFO  HomePage :29 - Clicking on login link : [[ChromeDriver: chrome on windows (700176129ad3c382b907ef9c44047303)] -> link text: Log in]
2023-12-17 14:12:02 INFO  LoginPage :54 - email [[ChromeDriver: chrome on windows (700176129ad3c382b907ef9c44047303)] -> id: Email]
2023-12-17 14:12:83 INFO  LoginPage :60 - passward[[ChromeDriver: chrome on windows (700176129ad3c382b907ef9c44047303)] -> name: Password]
2023-12-17 14:12:443 INFO  LoginPage :66 - login[[ChromeDriver: chrome on windows (700176129ad3c382b907ef9c44047303)] -> xpath: //button[contains(text(),'Log in')]]
2023-12-17 17:12:840 INFO  HomePage :32 - Clicking on login link : [[ChromeDriver: chrome on windows (12367952a15fddc2c68b0f9d9e93b2d6)] -> link text: Log in]
2023-12-17 17:12:00 INFO  LoginPage :47 - Getting text from : [[ChromeDriver: chrome on windows (12367952a15fddc2c68b0f9d9e93b2d6)] -> xpath: //h1[contains(text(),'Welcome, Please Sign In!')]]
2023-12-17 17:12:564 INFO  HomePage :32 - Clicking on login link : [[ChromeDriver: chrome on windows (b9fe3d5bc1b580d027009379af8da33f)] -> link text: Log in]
2023-12-17 17:12:53 INFO  LoginPage :54 - email [[ChromeDriver: chrome on windows (b9fe3d5bc1b580d027009379af8da33f)] -> id: Email]
2023-12-17 17:12:261 INFO  LoginPage :60 - passward[[ChromeDriver: chrome on windows (b9fe3d5bc1b580d027009379af8da33f)] -> name: Password]
2023-12-17 17:12:863 INFO  LoginPage :66 - login[[ChromeDriver: chrome on windows (b9fe3d5bc1b580d027009379af8da33f)] -> xpath: //button[contains(text(),'Log in')]]
2023-12-17 17:12:261 INFO  HomePage :32 - Clicking on login link : [[ChromeDriver: chrome on windows (aa53d2de9c057936a403109ead1b7ce3)] -> link text: Log in]
2023-12-17 17:12:161 INFO  LoginPage :54 - email [[ChromeDriver: chrome on windows (aa53d2de9c057936a403109ead1b7ce3)] -> id: Email]
2023-12-17 17:12:265 INFO  LoginPage :60 - passward[[ChromeDriver: chrome on windows (aa53d2de9c057936a403109ead1b7ce3)] -> name: Password]
2023-12-17 17:12:696 INFO  LoginPage :66 - login[[ChromeDriver: chrome on windows (aa53d2de9c057936a403109ead1b7ce3)] -> xpath: //button[contains(text(),'Log in')]]
2023-12-17 17:12:895 INFO  HomePage :32 - Clicking on login link : [[ChromeDriver: chrome on windows (58127013ce2243a4c6182e4b0c0be2b0)] -> link text: Log in]
2023-12-17 17:12:257 INFO  LoginPage :54 - email [[ChromeDriver: chrome on windows (58127013ce2243a4c6182e4b0c0be2b0)] -> id: Email]
2023-12-17 17:12:470 INFO  LoginPage :60 - passward[[ChromeDriver: chrome on windows (58127013ce2243a4c6182e4b0c0be2b0)] -> name: Password]
2023-12-17 17:12:60 INFO  LoginPage :66 - login[[ChromeDriver: chrome on windows (58127013ce2243a4c6182e4b0c0be2b0)] -> xpath: //button[contains(text(),'Log in')]]
2023-12-17 17:12:876 INFO  HomePage :37 - Clicking on register link : [[ChromeDriver: chrome on windows (93c5343379969e6c1e64b785ae8c3a86)] -> link text: Register]
2023-12-17 17:12:351 INFO  RegisterPage :80 - Getting text from : [[ChromeDriver: chrome on windows (93c5343379969e6c1e64b785ae8c3a86)] -> xpath: //h1[contains(text(),'Register')]]
2023-12-17 17:12:530 INFO  HomePage :37 - Clicking on register link : [[ChromeDriver: chrome on windows (65b35e02d07242cbfc1fba16f87a2660)] -> link text: Register]
2023-12-17 17:12:979 INFO  RegisterPage :127 - FemaleRadioButton[[ChromeDriver: chrome on windows (65b35e02d07242cbfc1fba16f87a2660)] -> id: gender-female]
2023-12-17 17:12:199 INFO  RegisterPage :133 - Firstname[[ChromeDriver: chrome on windows (65b35e02d07242cbfc1fba16f87a2660)] -> id: FirstName]
2023-12-17 17:12:393 INFO  RegisterPage :139 - Lastname[[ChromeDriver: chrome on windows (65b35e02d07242cbfc1fba16f87a2660)] -> id: LastName]
2023-12-17 17:12:392 INFO  HomePage :32 - Clicking on login link : [[ChromeDriver: chrome on windows (a77b25d82c5bed1bae3a440b4fbf03ce)] -> link text: Log in]
2023-12-17 17:12:443 INFO  LoginPage :47 - Getting text from : [[ChromeDriver: chrome on windows (a77b25d82c5bed1bae3a440b4fbf03ce)] -> xpath: //h1[contains(text(),'Welcome, Please Sign In!')]]
2023-12-17 17:12:818 INFO  HomePage :32 - Clicking on login link : [[ChromeDriver: chrome on windows (70a73da3f29d0192c543909a0277b47f)] -> link text: Log in]
2023-12-17 17:12:960 INFO  LoginPage :54 - email [[ChromeDriver: chrome on windows (70a73da3f29d0192c543909a0277b47f)] -> id: Email]
2023-12-17 17:12:83 INFO  LoginPage :60 - passward[[ChromeDriver: chrome on windows (70a73da3f29d0192c543909a0277b47f)] -> name: Password]
2023-12-17 17:12:590 INFO  LoginPage :66 - login[[ChromeDriver: chrome on windows (70a73da3f29d0192c543909a0277b47f)] -> xpath: //button[contains(text(),'Log in')]]
2023-12-17 17:12:955 INFO  HomePage :32 - Clicking on login link : [[ChromeDriver: chrome on windows (4394fc8b8f271737cc983ab5cb2f0a13)] -> link text: Log in]
2023-12-17 17:12:31 INFO  LoginPage :47 - Getting text from : [[ChromeDriver: chrome on windows (4394fc8b8f271737cc983ab5cb2f0a13)] -> xpath: //h1[contains(text(),'Welcome, Please Sign In!')]]
2023-12-17 17:12:11 INFO  HomePage :32 - Clicking on login link : [[ChromeDriver: chrome on windows (bd15bc773cacb1e379a0e5894989c8a2)] -> link text: Log in]
2023-12-17 17:12:135 INFO  LoginPage :54 - email [[ChromeDriver: chrome on windows (bd15bc773cacb1e379a0e5894989c8a2)] -> id: Email]
2023-12-17 17:12:227 INFO  LoginPage :60 - passward[[ChromeDriver: chrome on windows (bd15bc773cacb1e379a0e5894989c8a2)] -> name: Password]
2023-12-17 17:12:553 INFO  LoginPage :66 - login[[ChromeDriver: chrome on windows (bd15bc773cacb1e379a0e5894989c8a2)] -> xpath: //button[contains(text(),'Log in')]]
2023-12-17 17:12:779 INFO  HomePage :32 - Clicking on login link : [[ChromeDriver: chrome on windows (4fcae59c8c8dfcedcea6ab3435206d01)] -> link text: Log in]
2023-12-17 17:12:932 INFO  LoginPage :54 - email [[ChromeDriver: chrome on windows (4fcae59c8c8dfcedcea6ab3435206d01)] -> id: Email]
2023-12-17 17:12:63 INFO  LoginPage :60 - passward[[ChromeDriver: chrome on windows (4fcae59c8c8dfcedcea6ab3435206d01)] -> name: Password]
2023-12-17 17:12:439 INFO  LoginPage :66 - login[[ChromeDriver: chrome on windows (4fcae59c8c8dfcedcea6ab3435206d01)] -> xpath: //button[contains(text(),'Log in')]]
2023-12-17 17:12:584 INFO  HomePage :32 - Clicking on login link : [[ChromeDriver: chrome on windows (4452d92f96c22a65d32a0c3b3073acc4)] -> link text: Log in]
2023-12-17 17:12:766 INFO  LoginPage :54 - email [[ChromeDriver: chrome on windows (4452d92f96c22a65d32a0c3b3073acc4)] -> id: Email]
2023-12-17 17:12:857 INFO  LoginPage :60 - passward[[ChromeDriver: chrome on windows (4452d92f96c22a65d32a0c3b3073acc4)] -> name: Password]
2023-12-17 17:12:134 INFO  LoginPage :66 - login[[ChromeDriver: chrome on windows (4452d92f96c22a65d32a0c3b3073acc4)] -> xpath: //button[contains(text(),'Log in')]]
2023-12-17 17:12:777 INFO  HomePage :37 - Clicking on register link : [[ChromeDriver: chrome on windows (f374e5aac8ae5988b62f8ba7b8e951d4)] -> link text: Register]
2023-12-17 17:12:925 INFO  RegisterPage :80 - Getting text from : [[ChromeDriver: chrome on windows (f374e5aac8ae5988b62f8ba7b8e951d4)] -> xpath: //h1[contains(text(),'Register')]]
2023-12-17 17:12:33 INFO  HomePage :37 - Clicking on register link : [[ChromeDriver: chrome on windows (57d976664f176a94a873c2f672dbb5ad)] -> link text: Register]
2023-12-17 17:12:250 INFO  RegisterPage :127 - FemaleRadioButton[[ChromeDriver: chrome on windows (57d976664f176a94a873c2f672dbb5ad)] -> id: gender-female]
2023-12-17 17:12:437 INFO  RegisterPage :133 - Firstname[[ChromeDriver: chrome on windows (57d976664f176a94a873c2f672dbb5ad)] -> id: FirstName]
2023-12-17 17:12:549 INFO  RegisterPage :139 - Lastname[[ChromeDriver: chrome on windows (57d976664f176a94a873c2f672dbb5ad)] -> id: LastName]
2023-12-17 18:12:181 INFO  HomePage :32 - Clicking on login link : [[ChromeDriver: chrome on windows (d83c18f0e50df4ba82a0041127f00d10)] -> link text: Log in]
2023-12-17 18:12:464 INFO  LoginPage :47 - Getting text from : [[ChromeDriver: chrome on windows (d83c18f0e50df4ba82a0041127f00d10)] -> xpath: //h1[contains(text(),'Welcome, Please Sign In!')]]
2023-12-17 18:12:640 INFO  HomePage :32 - Clicking on login link : [[ChromeDriver: chrome on windows (546368332424b7f6b683b5de1412f338)] -> link text: Log in]
2023-12-17 18:12:478 INFO  LoginPage :54 - email [[ChromeDriver: chrome on windows (546368332424b7f6b683b5de1412f338)] -> id: Email]
2023-12-17 18:12:696 INFO  LoginPage :60 - passward[[ChromeDriver: chrome on windows (546368332424b7f6b683b5de1412f338)] -> name: Password]
2023-12-17 18:12:331 INFO  LoginPage :66 - login[[ChromeDriver: chrome on windows (546368332424b7f6b683b5de1412f338)] -> xpath: //button[contains(text(),'Log in')]]
2023-12-17 18:12:219 INFO  HomePage :32 - Clicking on login link : [[ChromeDriver: chrome on windows (1252e13ca28d0c00efeb7a6122b02655)] -> link text: Log in]
2023-12-17 18:12:382 INFO  LoginPage :54 - email [[ChromeDriver: chrome on windows (1252e13ca28d0c00efeb7a6122b02655)] -> id: Email]
2023-12-17 18:12:505 INFO  LoginPage :60 - passward[[ChromeDriver: chrome on windows (1252e13ca28d0c00efeb7a6122b02655)] -> name: Password]
2023-12-17 18:12:953 INFO  LoginPage :66 - login[[ChromeDriver: chrome on windows (1252e13ca28d0c00efeb7a6122b02655)] -> xpath: //button[contains(text(),'Log in')]]
2023-12-17 18:12:671 INFO  HomePage :32 - Clicking on login link : [[ChromeDriver: chrome on windows (cbeb0c53d5754dc66843f667e6473bc2)] -> link text: Log in]
2023-12-17 18:12:846 INFO  LoginPage :54 - email [[ChromeDriver: chrome on windows (cbeb0c53d5754dc66843f667e6473bc2)] -> id: Email]
2023-12-17 18:12:07 INFO  LoginPage :60 - passward[[ChromeDriver: chrome on windows (cbeb0c53d5754dc66843f667e6473bc2)] -> name: Password]
2023-12-17 18:12:468 INFO  LoginPage :66 - login[[ChromeDriver: chrome on windows (cbeb0c53d5754dc66843f667e6473bc2)] -> xpath: //button[contains(text(),'Log in')]]
2023-12-17 18:12:21 INFO  HomePage :37 - Clicking on register link : [[ChromeDriver: chrome on windows (b1513e35ade19314de51a2db128c54bc)] -> link text: Register]
2023-12-17 18:12:189 INFO  RegisterPage :80 - Getting text from : [[ChromeDriver: chrome on windows (b1513e35ade19314de51a2db128c54bc)] -> xpath: //h1[contains(text(),'Register')]]
2023-12-17 18:12:01 INFO  HomePage :37 - Clicking on register link : [[ChromeDriver: chrome on windows (adbc9bef3410fb4ca9850268a369b912)] -> link text: Register]
2023-12-17 18:12:174 INFO  RegisterPage :127 - FemaleRadioButton[[ChromeDriver: chrome on windows (adbc9bef3410fb4ca9850268a369b912)] -> id: gender-female]
2023-12-17 18:12:319 INFO  RegisterPage :133 - Firstname[[ChromeDriver: chrome on windows (adbc9bef3410fb4ca9850268a369b912)] -> id: FirstName]
2023-12-17 18:12:445 INFO  RegisterPage :139 - Lastname[[ChromeDriver: chrome on windows (adbc9bef3410fb4ca9850268a369b912)] -> id: LastName]
2023-12-17 19:12:263 INFO  HomePage :32 - Clicking on login link : [[ChromeDriver: chrome on windows (3a9346e1b0fba6b84fa8dbb47b902008)] -> link text: Log in]
2023-12-17 19:12:358 INFO  LoginPage :47 - Getting text from : [[ChromeDriver: chrome on windows (3a9346e1b0fba6b84fa8dbb47b902008)] -> xpath: //h1[contains(text(),'Welcome, Please Sign In!')]]
2023-12-17 19:12:638 INFO  HomePage :32 - Clicking on login link : [[ChromeDriver: chrome on windows (7670f6db93f86ed921f5b17e3f6017ff)] -> link text: Log in]
2023-12-17 19:12:191 INFO  LoginPage :54 - email [[ChromeDriver: chrome on windows (7670f6db93f86ed921f5b17e3f6017ff)] -> id: Email]
2023-12-17 19:12:526 INFO  LoginPage :60 - passward[[ChromeDriver: chrome on windows (7670f6db93f86ed921f5b17e3f6017ff)] -> name: Password]
2023-12-17 19:12:55 INFO  LoginPage :66 - login[[ChromeDriver: chrome on windows (7670f6db93f86ed921f5b17e3f6017ff)] -> xpath: //button[contains(text(),'Log in')]]
2023-12-17 19:12:676 INFO  HomePage :32 - Clicking on login link : [[ChromeDriver: chrome on windows (d8f7f5ec3f1ad1a1214b0f0812a401b3)] -> link text: Log in]
2023-12-17 19:12:798 INFO  LoginPage :54 - email [[ChromeDriver: chrome on windows (d8f7f5ec3f1ad1a1214b0f0812a401b3)] -> id: Email]
2023-12-17 19:12:943 INFO  LoginPage :60 - passward[[ChromeDriver: chrome on windows (d8f7f5ec3f1ad1a1214b0f0812a401b3)] -> name: Password]
2023-12-17 19:12:303 INFO  LoginPage :66 - login[[ChromeDriver: chrome on windows (d8f7f5ec3f1ad1a1214b0f0812a401b3)] -> xpath: //button[contains(text(),'Log in')]]
2023-12-17 19:12:143 INFO  HomePage :32 - Clicking on login link : [[ChromeDriver: chrome on windows (d51e7bf7053cbbefbba92d84dea43f2f)] -> link text: Log in]
2023-12-17 19:12:244 INFO  LoginPage :54 - email [[ChromeDriver: chrome on windows (d51e7bf7053cbbefbba92d84dea43f2f)] -> id: Email]
2023-12-17 19:12:322 INFO  LoginPage :60 - passward[[ChromeDriver: chrome on windows (d51e7bf7053cbbefbba92d84dea43f2f)] -> name: Password]
2023-12-17 19:12:754 INFO  LoginPage :66 - login[[ChromeDriver: chrome on windows (d51e7bf7053cbbefbba92d84dea43f2f)] -> xpath: //button[contains(text(),'Log in')]]
2023-12-17 19:12:808 INFO  HomePage :37 - Clicking on register link : [[ChromeDriver: chrome on windows (8672b1614b1808277803fcdd2f1ba522)] -> link text: Register]
2023-12-17 19:12:857 INFO  RegisterPage :80 - Getting text from : [[ChromeDriver: chrome on windows (8672b1614b1808277803fcdd2f1ba522)] -> xpath: //h1[contains(text(),'Register')]]
2023-12-17 19:12:271 INFO  HomePage :37 - Clicking on register link : [[ChromeDriver: chrome on windows (93e727f51d0aca34c9fb2b1aa31c38e0)] -> link text: Register]
2023-12-17 19:12:478 INFO  RegisterPage :127 - FemaleRadioButton[[ChromeDriver: chrome on windows (93e727f51d0aca34c9fb2b1aa31c38e0)] -> id: gender-female]
2023-12-17 19:12:551 INFO  RegisterPage :133 - Firstname[[ChromeDriver: chrome on windows (93e727f51d0aca34c9fb2b1aa31c38e0)] -> id: FirstName]
2023-12-17 19:12:615 INFO  RegisterPage :139 - Lastname[[ChromeDriver: chrome on windows (93e727f51d0aca34c9fb2b1aa31c38e0)] -> id: LastName]
2023-12-17 19:12:882 INFO  HomePage :32 - Clicking on login link : [[ChromeDriver: chrome on windows (1c696502b423e53f45a4af95321bfaef)] -> link text: Log in]
2023-12-17 19:12:940 INFO  LoginPage :47 - Getting text from : [[ChromeDriver: chrome on windows (1c696502b423e53f45a4af95321bfaef)] -> xpath: //h1[contains(text(),'Welcome, Please Sign In!')]]
2023-12-17 19:12:175 INFO  HomePage :32 - Clicking on login link : [[ChromeDriver: chrome on windows (84d15c7580996b32dbb6ff3fe4825108)] -> link text: Log in]
2023-12-17 19:12:266 INFO  LoginPage :54 - email [[ChromeDriver: chrome on windows (84d15c7580996b32dbb6ff3fe4825108)] -> id: Email]
2023-12-17 19:12:333 INFO  LoginPage :60 - passward[[ChromeDriver: chrome on windows (84d15c7580996b32dbb6ff3fe4825108)] -> name: Password]
2023-12-17 19:12:803 INFO  LoginPage :66 - login[[ChromeDriver: chrome on windows (84d15c7580996b32dbb6ff3fe4825108)] -> xpath: //button[contains(text(),'Log in')]]
2023-12-17 19:12:461 INFO  HomePage :32 - Clicking on login link : [[ChromeDriver: chrome on windows (e9d16b9d0f2ffdefe082f91c05c42513)] -> link text: Log in]
2023-12-17 19:12:599 INFO  LoginPage :54 - email [[ChromeDriver: chrome on windows (e9d16b9d0f2ffdefe082f91c05c42513)] -> id: Email]
2023-12-17 19:12:716 INFO  LoginPage :60 - passward[[ChromeDriver: chrome on windows (e9d16b9d0f2ffdefe082f91c05c42513)] -> name: Password]
2023-12-17 19:12:75 INFO  LoginPage :66 - login[[ChromeDriver: chrome on windows (e9d16b9d0f2ffdefe082f91c05c42513)] -> xpath: //button[contains(text(),'Log in')]]
2023-12-17 19:12:474 INFO  HomePage :32 - Clicking on login link : [[ChromeDriver: chrome on windows (34eab91c1bfbcf2b29db92c01956fccc)] -> link text: Log in]
2023-12-17 19:12:562 INFO  LoginPage :54 - email [[ChromeDriver: chrome on windows (34eab91c1bfbcf2b29db92c01956fccc)] -> id: Email]
2023-12-17 19:12:639 INFO  LoginPage :60 - passward[[ChromeDriver: chrome on windows (34eab91c1bfbcf2b29db92c01956fccc)] -> name: Password]
2023-12-17 19:12:993 INFO  LoginPage :66 - login[[ChromeDriver: chrome on windows (34eab91c1bfbcf2b29db92c01956fccc)] -> xpath: //button[contains(text(),'Log in')]]
2023-12-17 19:12:875 INFO  HomePage :37 - Clicking on register link : [[ChromeDriver: chrome on windows (b75ded35b768d9a4a3add619c3e737f1)] -> link text: Register]
2023-12-17 19:12:926 INFO  RegisterPage :80 - Getting text from : [[ChromeDriver: chrome on windows (b75ded35b768d9a4a3add619c3e737f1)] -> xpath: //h1[contains(text(),'Register')]]
2023-12-17 19:12:790 INFO  HomePage :37 - Clicking on register link : [[ChromeDriver: chrome on windows (04854a350a1e4580a188b5d52e84f195)] -> link text: Register]
2023-12-17 19:12:862 INFO  RegisterPage :127 - FemaleRadioButton[[ChromeDriver: chrome on windows (04854a350a1e4580a188b5d52e84f195)] -> id: gender-female]
2023-12-17 19:12:18 INFO  RegisterPage :133 - Firstname[[ChromeDriver: chrome on windows (04854a350a1e4580a188b5d52e84f195)] -> id: FirstName]
2023-12-17 19:12:96 INFO  RegisterPage :139 - Lastname[[ChromeDriver: chrome on windows (04854a350a1e4580a188b5d52e84f195)] -> id: LastName]
2023-12-17 20:12:930 INFO  HomePage :32 - Clicking on login link : [[ChromeDriver: chrome on windows (b0be59a78dbb91921588d37f1a48e52b)] -> link text: Log in]
2023-12-17 20:12:427 INFO  LoginPage :47 - Getting text from : [[ChromeDriver: chrome on windows (b0be59a78dbb91921588d37f1a48e52b)] -> xpath: //h1[contains(text(),'Welcome, Please Sign In!')]]
2023-12-17 20:12:799 INFO  HomePage :32 - Clicking on login link : [[ChromeDriver: chrome on windows (4969677f66a372d44df0e17fc10562d1)] -> link text: Log in]
2023-12-17 20:12:612 INFO  LoginPage :54 - email [[ChromeDriver: chrome on windows (4969677f66a372d44df0e17fc10562d1)] -> id: Email]
2023-12-17 20:12:806 INFO  LoginPage :60 - passward[[ChromeDriver: chrome on windows (4969677f66a372d44df0e17fc10562d1)] -> name: Password]
2023-12-17 20:12:168 INFO  LoginPage :66 - login[[ChromeDriver: chrome on windows (4969677f66a372d44df0e17fc10562d1)] -> xpath: //button[contains(text(),'Log in')]]
2023-12-17 20:12:770 INFO  HomePage :32 - Clicking on login link : [[ChromeDriver: chrome on windows (a185e039b7813a7f43feee4c8fbba08b)] -> link text: Log in]
2023-12-17 20:12:219 INFO  LoginPage :54 - email [[ChromeDriver: chrome on windows (a185e039b7813a7f43feee4c8fbba08b)] -> id: Email]
2023-12-17 20:12:444 INFO  LoginPage :60 - passward[[ChromeDriver: chrome on windows (a185e039b7813a7f43feee4c8fbba08b)] -> name: Password]
2023-12-17 20:12:74 INFO  LoginPage :66 - login[[ChromeDriver: chrome on windows (a185e039b7813a7f43feee4c8fbba08b)] -> xpath: //button[contains(text(),'Log in')]]
2023-12-17 20:12:170 INFO  HomePage :32 - Clicking on login link : [[ChromeDriver: chrome on windows (8ce8ed624ca509744e355d5642fb369b)] -> link text: Log in]
2023-12-17 20:12:372 INFO  LoginPage :54 - email [[ChromeDriver: chrome on windows (8ce8ed624ca509744e355d5642fb369b)] -> id: Email]
2023-12-17 20:12:916 INFO  LoginPage :60 - passward[[ChromeDriver: chrome on windows (8ce8ed624ca509744e355d5642fb369b)] -> name: Password]
2023-12-17 20:12:517 INFO  LoginPage :66 - login[[ChromeDriver: chrome on windows (8ce8ed624ca509744e355d5642fb369b)] -> xpath: //button[contains(text(),'Log in')]]
2023-12-17 20:12:267 INFO  HomePage :37 - Clicking on register link : [[ChromeDriver: chrome on windows (d730647d09832a9345c5df0fadcffbb6)] -> link text: Register]
2023-12-17 20:12:816 INFO  RegisterPage :80 - Getting text from : [[ChromeDriver: chrome on windows (d730647d09832a9345c5df0fadcffbb6)] -> xpath: //h1[contains(text(),'Register')]]
2023-12-17 20:12:798 INFO  HomePage :37 - Clicking on register link : [[ChromeDriver: chrome on windows (7232fc91306effa92c9044ae853fac2f)] -> link text: Register]
2023-12-17 20:12:121 INFO  RegisterPage :127 - FemaleRadioButton[[ChromeDriver: chrome on windows (7232fc91306effa92c9044ae853fac2f)] -> id: gender-female]
2023-12-17 20:12:358 INFO  RegisterPage :133 - Firstname[[ChromeDriver: chrome on windows (7232fc91306effa92c9044ae853fac2f)] -> id: FirstName]
2023-12-17 20:12:559 INFO  RegisterPage :139 - Lastname[[ChromeDriver: chrome on windows (7232fc91306effa92c9044ae853fac2f)] -> id: LastName]
2023-12-17 20:12:28 INFO  HomePage :32 - Clicking on login link : [[ChromeDriver: chrome on windows (5df69b21fd845b7aa2ff8bc494998144)] -> link text: Log in]
2023-12-17 20:12:256 INFO  LoginPage :47 - Getting text from : [[ChromeDriver: chrome on windows (5df69b21fd845b7aa2ff8bc494998144)] -> xpath: //h1[contains(text(),'Welcome, Please Sign In!')]]
2023-12-17 20:12:836 INFO  HomePage :32 - Clicking on login link : [[ChromeDriver: chrome on windows (e32e712e160647cba8ad5deebb99773e)] -> link text: Log in]
2023-12-17 20:12:253 INFO  LoginPage :54 - email [[ChromeDriver: chrome on windows (e32e712e160647cba8ad5deebb99773e)] -> id: Email]
2023-12-17 20:12:935 INFO  LoginPage :60 - passward[[ChromeDriver: chrome on windows (e32e712e160647cba8ad5deebb99773e)] -> name: Password]
2023-12-17 20:12:186 INFO  LoginPage :66 - login[[ChromeDriver: chrome on windows (e32e712e160647cba8ad5deebb99773e)] -> xpath: //button[contains(text(),'Log in')]]
2023-12-17 20:12:798 INFO  HomePage :32 - Clicking on login link : [[ChromeDriver: chrome on windows (fa059c491d975785d08ac9ff1ff93521)] -> link text: Log in]
2023-12-17 20:12:927 INFO  LoginPage :54 - email [[ChromeDriver: chrome on windows (fa059c491d975785d08ac9ff1ff93521)] -> id: Email]
2023-12-17 20:12:29 INFO  LoginPage :60 - passward[[ChromeDriver: chrome on windows (fa059c491d975785d08ac9ff1ff93521)] -> name: Password]
2023-12-17 20:12:366 INFO  LoginPage :66 - login[[ChromeDriver: chrome on windows (fa059c491d975785d08ac9ff1ff93521)] -> xpath: //button[contains(text(),'Log in')]]
2023-12-17 20:12:963 INFO  HomePage :32 - Clicking on login link : [[ChromeDriver: chrome on windows (b6d82346d07ba24b982d48de15efeb44)] -> link text: Log in]
2023-12-17 20:12:242 INFO  LoginPage :54 - email [[ChromeDriver: chrome on windows (b6d82346d07ba24b982d48de15efeb44)] -> id: Email]
2023-12-17 20:12:356 INFO  LoginPage :60 - passward[[ChromeDriver: chrome on windows (b6d82346d07ba24b982d48de15efeb44)] -> name: Password]
2023-12-17 20:12:42 INFO  LoginPage :66 - login[[ChromeDriver: chrome on windows (b6d82346d07ba24b982d48de15efeb44)] -> xpath: //button[contains(text(),'Log in')]]
2023-12-17 20:12:820 INFO  HomePage :37 - Clicking on register link : [[ChromeDriver: chrome on windows (8daf2df320b990b5c94f3211c5c8384f)] -> link text: Register]
2023-12-17 20:12:192 INFO  RegisterPage :80 - Getting text from : [[ChromeDriver: chrome on windows (8daf2df320b990b5c94f3211c5c8384f)] -> xpath: //h1[contains(text(),'Register')]]
2023-12-17 20:12:862 INFO  HomePage :37 - Clicking on register link : [[ChromeDriver: chrome on windows (e69d3276d61fbc1831629183d12a4e6d)] -> link text: Register]
2023-12-17 20:12:153 INFO  RegisterPage :102 - registerbutton: [[ChromeDriver: chrome on windows (e69d3276d61fbc1831629183d12a4e6d)] -> xpath: //h1[contains(text(),'Register')]]
2023-12-17 20:12:332 INFO  HomePage :37 - Clicking on register link : [[ChromeDriver: chrome on windows (20c12b4ec09c8175548ecf74778bdef3)] -> link text: Register]
2023-12-17 20:12:569 INFO  RegisterPage :102 - registerbutton: [[ChromeDriver: chrome on windows (20c12b4ec09c8175548ecf74778bdef3)] -> xpath: //h1[contains(text(),'Register')]]
2023-12-17 20:12:859 INFO  HomePage :37 - Clicking on register link : [[ChromeDriver: chrome on windows (09a0dc1b964555cfdade480f02e07472)] -> link text: Register]
2023-12-17 20:12:117 INFO  RegisterPage :102 - registerbutton: [[ChromeDriver: chrome on windows (09a0dc1b964555cfdade480f02e07472)] -> xpath: //h1[contains(text(),'Register')]]
2023-12-17 20:12:235 INFO  HomePage :37 - Clicking on register link : [[ChromeDriver: chrome on windows (cbf25f13df1897131ad24eb887c75be4)] -> link text: Register]
2023-12-17 20:12:359 INFO  RegisterPage :102 - registerbutton: [[ChromeDriver: chrome on windows (cbf25f13df1897131ad24eb887c75be4)] -> xpath: //h1[contains(text(),'Register')]]
2023-12-17 20:12:973 INFO  HomePage :37 - Clicking on register link : [[ChromeDriver: chrome on windows (ce7660eb9b9f743cd9ee8411d72f26b7)] -> link text: Register]
2023-12-17 20:12:181 INFO  RegisterPage :127 - FemaleRadioButton[[ChromeDriver: chrome on windows (ce7660eb9b9f743cd9ee8411d72f26b7)] -> id: gender-female]
2023-12-17 20:12:445 INFO  RegisterPage :133 - Firstname[[ChromeDriver: chrome on windows (ce7660eb9b9f743cd9ee8411d72f26b7)] -> id: FirstName]
2023-12-17 20:12:625 INFO  RegisterPage :139 - Lastname[[ChromeDriver: chrome on windows (ce7660eb9b9f743cd9ee8411d72f26b7)] -> id: LastName]
2023-12-17 20:12:408 INFO  HomePage :32 - Clicking on login link : [[ChromeDriver: chrome on windows (33cc5700389c179a8990a992a5eda3bd)] -> link text: Log in]
2023-12-17 20:12:547 INFO  LoginPage :47 - Getting text from : [[ChromeDriver: chrome on windows (33cc5700389c179a8990a992a5eda3bd)] -> xpath: //h1[contains(text(),'Welcome, Please Sign In!')]]
2023-12-17 20:12:988 INFO  HomePage :32 - Clicking on login link : [[ChromeDriver: chrome on windows (44f3ca3be27a0e523b9c13ccb2d72f9b)] -> link text: Log in]
2023-12-17 20:12:434 INFO  LoginPage :54 - email [[ChromeDriver: chrome on windows (44f3ca3be27a0e523b9c13ccb2d72f9b)] -> id: Email]
2023-12-17 20:12:545 INFO  LoginPage :60 - passward[[ChromeDriver: chrome on windows (44f3ca3be27a0e523b9c13ccb2d72f9b)] -> name: Password]
2023-12-17 20:12:96 INFO  LoginPage :66 - login[[ChromeDriver: chrome on windows (44f3ca3be27a0e523b9c13ccb2d72f9b)] -> xpath: //button[contains(text(),'Log in')]]
2023-12-17 20:12:681 INFO  HomePage :32 - Clicking on login link : [[ChromeDriver: chrome on windows (63153ce65d5998ad193bd3e6b5e37bdf)] -> link text: Log in]
2023-12-17 20:12:933 INFO  LoginPage :54 - email [[ChromeDriver: chrome on windows (63153ce65d5998ad193bd3e6b5e37bdf)] -> id: Email]
2023-12-17 20:12:39 INFO  LoginPage :60 - passward[[ChromeDriver: chrome on windows (63153ce65d5998ad193bd3e6b5e37bdf)] -> name: Password]
2023-12-17 20:12:422 INFO  LoginPage :66 - login[[ChromeDriver: chrome on windows (63153ce65d5998ad193bd3e6b5e37bdf)] -> xpath: //button[contains(text(),'Log in')]]
2023-12-17 20:12:136 INFO  HomePage :32 - Clicking on login link : [[ChromeDriver: chrome on windows (a775e14a14e6215c8c0d64230c378034)] -> link text: Log in]
2023-12-17 20:12:302 INFO  LoginPage :54 - email [[ChromeDriver: chrome on windows (a775e14a14e6215c8c0d64230c378034)] -> id: Email]
2023-12-17 20:12:431 INFO  LoginPage :60 - passward[[ChromeDriver: chrome on windows (a775e14a14e6215c8c0d64230c378034)] -> name: Password]
2023-12-17 20:12:812 INFO  LoginPage :66 - login[[ChromeDriver: chrome on windows (a775e14a14e6215c8c0d64230c378034)] -> xpath: //button[contains(text(),'Log in')]]
2023-12-17 20:12:112 INFO  HomePage :37 - Clicking on register link : [[ChromeDriver: chrome on windows (782039bf6b8f993a7edcd645085cd4c2)] -> link text: Register]
2023-12-17 20:12:180 INFO  RegisterPage :80 - Getting text from : [[ChromeDriver: chrome on windows (782039bf6b8f993a7edcd645085cd4c2)] -> xpath: //h1[contains(text(),'Register')]]
2023-12-17 20:12:254 INFO  HomePage :37 - Clicking on register link : [[ChromeDriver: chrome on windows (4dfe6e6978af583fdd9160608ff91a88)] -> link text: Register]
2023-12-17 20:12:338 INFO  RegisterPage :102 - registerbutton: [[ChromeDriver: chrome on windows (4dfe6e6978af583fdd9160608ff91a88)] -> xpath: //h1[contains(text(),'Register')]]
2023-12-17 20:12:216 INFO  HomePage :37 - Clicking on register link : [[ChromeDriver: chrome on windows (50ed603d04c091b63a9ec15b4dd11411)] -> link text: Register]
2023-12-17 20:12:641 INFO  RegisterPage :102 - registerbutton: [[ChromeDriver: chrome on windows (50ed603d04c091b63a9ec15b4dd11411)] -> xpath: //h1[contains(text(),'Register')]]
2023-12-17 20:12:17 INFO  HomePage :37 - Clicking on register link : [[ChromeDriver: chrome on windows (9e96c48daea636e6d640ea3be02a3810)] -> link text: Register]
2023-12-17 20:12:223 INFO  RegisterPage :102 - registerbutton: [[ChromeDriver: chrome on windows (9e96c48daea636e6d640ea3be02a3810)] -> xpath: //h1[contains(text(),'Register')]]
2023-12-17 20:12:240 INFO  HomePage :37 - Clicking on register link : [[ChromeDriver: chrome on windows (42ca9bd19c57f1cb10a4e7daa437a881)] -> link text: Register]
2023-12-17 20:12:353 INFO  RegisterPage :102 - registerbutton: [[ChromeDriver: chrome on windows (42ca9bd19c57f1cb10a4e7daa437a881)] -> xpath: //h1[contains(text(),'Register')]]
2023-12-17 20:12:176 INFO  HomePage :37 - Clicking on register link : [[ChromeDriver: chrome on windows (831ccbe809808e8ea3d19414766ec2a2)] -> link text: Register]
2023-12-17 20:12:337 INFO  RegisterPage :127 - FemaleRadioButton[[ChromeDriver: chrome on windows (831ccbe809808e8ea3d19414766ec2a2)] -> id: gender-female]
2023-12-17 20:12:459 INFO  RegisterPage :133 - Firstname[[ChromeDriver: chrome on windows (831ccbe809808e8ea3d19414766ec2a2)] -> id: FirstName]
2023-12-17 20:12:560 INFO  RegisterPage :139 - Lastname[[ChromeDriver: chrome on windows (831ccbe809808e8ea3d19414766ec2a2)] -> id: LastName]
2023-12-17 21:12:200 INFO  HomePage :32 - Clicking on login link : [[ChromeDriver: chrome on windows (eca5f3125f796a233e02c699b6728c54)] -> link text: Log in]
2023-12-17 21:12:329 INFO  LoginPage :47 - Getting text from : [[ChromeDriver: chrome on windows (eca5f3125f796a233e02c699b6728c54)] -> xpath: //h1[contains(text(),'Welcome, Please Sign In!')]]
2023-12-17 21:12:894 INFO  HomePage :32 - Clicking on login link : [[ChromeDriver: chrome on windows (6dc0b8ff7057b7496261d8b03f376a8d)] -> link text: Log in]
2023-12-17 21:12:145 INFO  LoginPage :54 - email [[ChromeDriver: chrome on windows (6dc0b8ff7057b7496261d8b03f376a8d)] -> id: Email]
2023-12-17 21:12:231 INFO  LoginPage :60 - passward[[ChromeDriver: chrome on windows (6dc0b8ff7057b7496261d8b03f376a8d)] -> name: Password]
2023-12-17 21:12:575 INFO  LoginPage :66 - login[[ChromeDriver: chrome on windows (6dc0b8ff7057b7496261d8b03f376a8d)] -> xpath: //button[contains(text(),'Log in')]]
2023-12-17 21:12:868 INFO  HomePage :32 - Clicking on login link : [[ChromeDriver: chrome on windows (eee7301a0e6520b667348e819539d7e1)] -> link text: Log in]
2023-12-17 21:12:978 INFO  LoginPage :54 - email [[ChromeDriver: chrome on windows (eee7301a0e6520b667348e819539d7e1)] -> id: Email]
2023-12-17 21:12:55 INFO  LoginPage :60 - passward[[ChromeDriver: chrome on windows (eee7301a0e6520b667348e819539d7e1)] -> name: Password]
2023-12-17 21:12:536 INFO  LoginPage :66 - login[[ChromeDriver: chrome on windows (eee7301a0e6520b667348e819539d7e1)] -> xpath: //button[contains(text(),'Log in')]]
2023-12-17 21:12:964 INFO  HomePage :32 - Clicking on login link : [[ChromeDriver: chrome on windows (d353962e978a9913decec376e9dd17c5)] -> link text: Log in]
2023-12-17 21:12:133 INFO  LoginPage :54 - email [[ChromeDriver: chrome on windows (d353962e978a9913decec376e9dd17c5)] -> id: Email]
2023-12-17 21:12:259 INFO  LoginPage :60 - passward[[ChromeDriver: chrome on windows (d353962e978a9913decec376e9dd17c5)] -> name: Password]
2023-12-17 21:12:584 INFO  LoginPage :66 - login[[ChromeDriver: chrome on windows (d353962e978a9913decec376e9dd17c5)] -> xpath: //button[contains(text(),'Log in')]]
2023-12-17 21:12:903 INFO  HomePage :37 - Clicking on register link : [[ChromeDriver: chrome on windows (4995285c1ec3ecfcb8a174624c8ef694)] -> link text: Register]
2023-12-17 21:12:947 INFO  RegisterPage :80 - Getting text from : [[ChromeDriver: chrome on windows (4995285c1ec3ecfcb8a174624c8ef694)] -> xpath: //h1[contains(text(),'Register')]]
2023-12-17 21:12:10 INFO  HomePage :37 - Clicking on register link : [[ChromeDriver: chrome on windows (01342002ba9a8d9cda1cacb1c9248e6e)] -> link text: Register]
2023-12-17 21:12:69 INFO  RegisterPage :102 - registerbutton: [[ChromeDriver: chrome on windows (01342002ba9a8d9cda1cacb1c9248e6e)] -> xpath: //h1[contains(text(),'Register')]]
2023-12-17 21:12:741 INFO  HomePage :37 - Clicking on register link : [[ChromeDriver: chrome on windows (7575395813a0bfe09fd5c3064ee3297a)] -> link text: Register]
2023-12-17 21:12:830 INFO  RegisterPage :102 - registerbutton: [[ChromeDriver: chrome on windows (7575395813a0bfe09fd5c3064ee3297a)] -> xpath: //h1[contains(text(),'Register')]]
2023-12-17 21:12:744 INFO  HomePage :37 - Clicking on register link : [[ChromeDriver: chrome on windows (ed30ebe55d8a512b0fc01375d08d16ba)] -> link text: Register]
2023-12-17 21:12:833 INFO  RegisterPage :102 - registerbutton: [[ChromeDriver: chrome on windows (ed30ebe55d8a512b0fc01375d08d16ba)] -> xpath: //h1[contains(text(),'Register')]]
2023-12-17 21:12:520 INFO  HomePage :37 - Clicking on register link : [[ChromeDriver: chrome on windows (45fea1641aad1bbb3fb0deee3696e9da)] -> link text: Register]
2023-12-17 21:12:599 INFO  RegisterPage :102 - registerbutton: [[ChromeDriver: chrome on windows (45fea1641aad1bbb3fb0deee3696e9da)] -> xpath: //h1[contains(text(),'Register')]]
2023-12-17 21:12:840 INFO  HomePage :37 - Clicking on register link : [[ChromeDriver: chrome on windows (ef526aac12d85a7c6a279ce716512243)] -> link text: Register]
2023-12-17 21:12:987 INFO  RegisterPage :127 - FemaleRadioButton[[ChromeDriver: chrome on windows (ef526aac12d85a7c6a279ce716512243)] -> id: gender-female]
2023-12-17 21:12:99 INFO  RegisterPage :133 - Firstname[[ChromeDriver: chrome on windows (ef526aac12d85a7c6a279ce716512243)] -> id: FirstName]
2023-12-17 21:12:184 INFO  RegisterPage :139 - Lastname[[ChromeDriver: chrome on windows (ef526aac12d85a7c6a279ce716512243)] -> id: LastName]
2023-12-17 21:12:171 INFO  HomePage :32 - Clicking on login link : [[ChromeDriver: chrome on windows (0765ae7c122f009581ea9f101ea48491)] -> link text: Log in]
2023-12-17 21:12:363 INFO  LoginPage :47 - Getting text from : [[ChromeDriver: chrome on windows (0765ae7c122f009581ea9f101ea48491)] -> xpath: //h1[contains(text(),'Welcome, Please Sign In!')]]
2023-12-17 21:12:849 INFO  HomePage :32 - Clicking on login link : [[ChromeDriver: chrome on windows (f929981079e77eb6d4d75deabb60cc6a)] -> link text: Log in]
2023-12-17 21:12:241 INFO  LoginPage :54 - email [[ChromeDriver: chrome on windows (f929981079e77eb6d4d75deabb60cc6a)] -> id: Email]
2023-12-17 21:12:445 INFO  LoginPage :60 - passward[[ChromeDriver: chrome on windows (f929981079e77eb6d4d75deabb60cc6a)] -> name: Password]
2023-12-17 21:12:17 INFO  LoginPage :66 - login[[ChromeDriver: chrome on windows (f929981079e77eb6d4d75deabb60cc6a)] -> xpath: //button[contains(text(),'Log in')]]
2023-12-17 21:12:26 INFO  HomePage :32 - Clicking on login link : [[ChromeDriver: chrome on windows (3eb9a1bad454107bf6255ae63f6691cd)] -> link text: Log in]
2023-12-17 21:12:391 INFO  LoginPage :54 - email [[ChromeDriver: chrome on windows (3eb9a1bad454107bf6255ae63f6691cd)] -> id: Email]
2023-12-17 21:12:665 INFO  LoginPage :60 - passward[[ChromeDriver: chrome on windows (3eb9a1bad454107bf6255ae63f6691cd)] -> name: Password]
2023-12-17 21:12:406 INFO  LoginPage :66 - login[[ChromeDriver: chrome on windows (3eb9a1bad454107bf6255ae63f6691cd)] -> xpath: //button[contains(text(),'Log in')]]
2023-12-17 21:12:72 INFO  HomePage :32 - Clicking on login link : [[ChromeDriver: chrome on windows (2b046ef55001571a456565d541ca3ebc)] -> link text: Log in]
2023-12-17 21:12:445 INFO  LoginPage :54 - email [[ChromeDriver: chrome on windows (2b046ef55001571a456565d541ca3ebc)] -> id: Email]
2023-12-17 21:12:778 INFO  LoginPage :60 - passward[[ChromeDriver: chrome on windows (2b046ef55001571a456565d541ca3ebc)] -> name: Password]
2023-12-17 21:12:386 INFO  LoginPage :66 - login[[ChromeDriver: chrome on windows (2b046ef55001571a456565d541ca3ebc)] -> xpath: //button[contains(text(),'Log in')]]
2023-12-17 21:12:136 INFO  HomePage :37 - Clicking on register link : [[ChromeDriver: chrome on windows (a48b5d77a53ea85488e3847a7e8b005c)] -> link text: Register]
2023-12-17 21:12:407 INFO  RegisterPage :80 - Getting text from : [[ChromeDriver: chrome on windows (a48b5d77a53ea85488e3847a7e8b005c)] -> xpath: //h1[contains(text(),'Register')]]
2023-12-17 21:12:138 INFO  HomePage :37 - Clicking on register link : [[ChromeDriver: chrome on windows (34d80516fb86ace41b3a16ac8b4ce827)] -> link text: Register]
2023-12-17 21:12:460 INFO  RegisterPage :102 - registerbutton: [[ChromeDriver: chrome on windows (34d80516fb86ace41b3a16ac8b4ce827)] -> xpath: //h1[contains(text(),'Register')]]
2023-12-17 21:12:118 INFO  HomePage :37 - Clicking on register link : [[ChromeDriver: chrome on windows (6521594aebdf08387d5ce0e5dceb588d)] -> link text: Register]
2023-12-17 21:12:483 INFO  RegisterPage :102 - registerbutton: [[ChromeDriver: chrome on windows (6521594aebdf08387d5ce0e5dceb588d)] -> xpath: //h1[contains(text(),'Register')]]
2023-12-17 21:12:175 INFO  HomePage :37 - Clicking on register link : [[ChromeDriver: chrome on windows (489fb699fa68721f2eb4437c955681a4)] -> link text: Register]
2023-12-17 21:12:320 INFO  RegisterPage :102 - registerbutton: [[ChromeDriver: chrome on windows (489fb699fa68721f2eb4437c955681a4)] -> xpath: //h1[contains(text(),'Register')]]
2023-12-17 21:12:349 INFO  HomePage :37 - Clicking on register link : [[ChromeDriver: chrome on windows (fbcd271864c7aac2eadfb01b85d393b6)] -> link text: Register]
2023-12-17 21:12:666 INFO  RegisterPage :102 - registerbutton: [[ChromeDriver: chrome on windows (fbcd271864c7aac2eadfb01b85d393b6)] -> xpath: //h1[contains(text(),'Register')]]
2023-12-17 21:12:363 INFO  HomePage :37 - Clicking on register link : [[ChromeDriver: chrome on windows (654bdb3a3eb76c6d859bb8b750388bfb)] -> link text: Register]
2023-12-17 21:12:554 INFO  RegisterPage :127 - FemaleRadioButton[[ChromeDriver: chrome on windows (654bdb3a3eb76c6d859bb8b750388bfb)] -> id: gender-female]
2023-12-17 21:12:77 INFO  RegisterPage :133 - Firstname[[ChromeDriver: chrome on windows (654bdb3a3eb76c6d859bb8b750388bfb)] -> id: FirstName]
2023-12-17 21:12:286 INFO  RegisterPage :139 - Lastname[[ChromeDriver: chrome on windows (654bdb3a3eb76c6d859bb8b750388bfb)] -> id: LastName]
2023-12-17 23:12:150 INFO  HomePage :32 - Clicking on login link : [[ChromeDriver: chrome on windows (5e9d230e07d8617308d061511a8736bc)] -> link text: Log in]
2023-12-17 23:12:411 INFO  LoginPage :47 - Getting text from : [[ChromeDriver: chrome on windows (5e9d230e07d8617308d061511a8736bc)] -> xpath: //h1[contains(text(),'Welcome, Please Sign In!')]]
2023-12-17 23:12:398 INFO  HomePage :32 - Clicking on login link : [[ChromeDriver: chrome on windows (08b5008ef087a441a399527920105b94)] -> link text: Log in]
2023-12-17 23:12:811 INFO  LoginPage :54 - email [[ChromeDriver: chrome on windows (08b5008ef087a441a399527920105b94)] -> id: Email]
2023-12-17 23:12:902 INFO  LoginPage :60 - passward[[ChromeDriver: chrome on windows (08b5008ef087a441a399527920105b94)] -> name: Password]
2023-12-17 23:12:257 INFO  LoginPage :66 - login[[ChromeDriver: chrome on windows (08b5008ef087a441a399527920105b94)] -> xpath: //button[contains(text(),'Log in')]]
2023-12-17 23:12:363 INFO  HomePage :32 - Clicking on login link : [[ChromeDriver: chrome on windows (143e2fcbab060293a933ca830b01d051)] -> link text: Log in]
2023-12-17 23:12:503 INFO  LoginPage :54 - email [[ChromeDriver: chrome on windows (143e2fcbab060293a933ca830b01d051)] -> id: Email]
2023-12-17 23:12:625 INFO  LoginPage :60 - passward[[ChromeDriver: chrome on windows (143e2fcbab060293a933ca830b01d051)] -> name: Password]
2023-12-17 23:12:964 INFO  LoginPage :66 - login[[ChromeDriver: chrome on windows (143e2fcbab060293a933ca830b01d051)] -> xpath: //button[contains(text(),'Log in')]]
2023-12-17 23:12:568 INFO  HomePage :32 - Clicking on login link : [[ChromeDriver: chrome on windows (75cab62e4f374c9ac52dfb59530542ac)] -> link text: Log in]
2023-12-17 23:12:714 INFO  LoginPage :54 - email [[ChromeDriver: chrome on windows (75cab62e4f374c9ac52dfb59530542ac)] -> id: Email]
2023-12-17 23:12:794 INFO  LoginPage :60 - passward[[ChromeDriver: chrome on windows (75cab62e4f374c9ac52dfb59530542ac)] -> name: Password]
2023-12-17 23:12:96 INFO  LoginPage :66 - login[[ChromeDriver: chrome on windows (75cab62e4f374c9ac52dfb59530542ac)] -> xpath: //button[contains(text(),'Log in')]]
2023-12-17 23:12:466 INFO  HomePage :37 - Clicking on register link : [[ChromeDriver: chrome on windows (6e53b44b3bf8fc9fd347cbf2953996aa)] -> link text: Register]
2023-12-17 23:12:591 INFO  RegisterPage :80 - Getting text from : [[ChromeDriver: chrome on windows (6e53b44b3bf8fc9fd347cbf2953996aa)] -> xpath: //h1[contains(text(),'Register')]]
2023-12-17 23:12:645 INFO  HomePage :37 - Clicking on register link : [[ChromeDriver: chrome on windows (4f0901a19136caa3844f09df5d7298e8)] -> link text: Register]
2023-12-17 23:12:715 INFO  RegisterPage :102 - registerbutton: [[ChromeDriver: chrome on windows (4f0901a19136caa3844f09df5d7298e8)] -> xpath: //h1[contains(text(),'Register')]]
2023-12-17 23:12:929 INFO  HomePage :37 - Clicking on register link : [[ChromeDriver: chrome on windows (1689e84364d6d5b6f8806e786332a690)] -> link text: Register]
2023-12-17 23:12:27 INFO  RegisterPage :102 - registerbutton: [[ChromeDriver: chrome on windows (1689e84364d6d5b6f8806e786332a690)] -> xpath: //h1[contains(text(),'Register')]]
2023-12-17 23:12:506 INFO  HomePage :37 - Clicking on register link : [[ChromeDriver: chrome on windows (5f710efd6ff482c31682967187fa8c66)] -> link text: Register]
2023-12-17 23:12:595 INFO  RegisterPage :102 - registerbutton: [[ChromeDriver: chrome on windows (5f710efd6ff482c31682967187fa8c66)] -> xpath: //h1[contains(text(),'Register')]]
2023-12-17 23:12:823 INFO  HomePage :37 - Clicking on register link : [[ChromeDriver: chrome on windows (24948cbd83434ad2aa71072fb3de4944)] -> link text: Register]
2023-12-17 23:12:937 INFO  RegisterPage :102 - registerbutton: [[ChromeDriver: chrome on windows (24948cbd83434ad2aa71072fb3de4944)] -> xpath: //h1[contains(text(),'Register')]]
2023-12-17 23:12:976 INFO  HomePage :37 - Clicking on register link : [[ChromeDriver: chrome on windows (0dbc74b2e5524157b2684548d60735d6)] -> link text: Register]
2023-12-17 23:12:125 INFO  RegisterPage :127 - FemaleRadioButton[[ChromeDriver: chrome on windows (0dbc74b2e5524157b2684548d60735d6)] -> id: gender-female]
2023-12-17 23:12:209 INFO  RegisterPage :133 - Firstname[[ChromeDriver: chrome on windows (0dbc74b2e5524157b2684548d60735d6)] -> id: FirstName]
2023-12-17 23:12:282 INFO  RegisterPage :139 - Lastname[[ChromeDriver: chrome on windows (0dbc74b2e5524157b2684548d60735d6)] -> id: LastName]
2023-12-17 23:12:637 INFO  HomePage :32 - Clicking on login link : [[ChromeDriver: chrome on windows (f7adc0e0f2e47dedd739c089006a5611)] -> link text: Log in]
2023-12-17 23:12:732 INFO  LoginPage :47 - Getting text from : [[ChromeDriver: chrome on windows (f7adc0e0f2e47dedd739c089006a5611)] -> xpath: //h1[contains(text(),'Welcome, Please Sign In!')]]
2023-12-17 23:12:452 INFO  HomePage :32 - Clicking on login link : [[ChromeDriver: chrome on windows (89f0e3db021c3e59d41a5f33ad039b2c)] -> link text: Log in]
2023-12-17 23:12:288 INFO  LoginPage :54 - email [[ChromeDriver: chrome on windows (89f0e3db021c3e59d41a5f33ad039b2c)] -> id: Email]
2023-12-17 23:12:466 INFO  LoginPage :60 - passward[[ChromeDriver: chrome on windows (89f0e3db021c3e59d41a5f33ad039b2c)] -> name: Password]
2023-12-17 23:12:936 INFO  LoginPage :66 - login[[ChromeDriver: chrome on windows (89f0e3db021c3e59d41a5f33ad039b2c)] -> xpath: //button[contains(text(),'Log in')]]
2023-12-17 23:12:281 INFO  HomePage :32 - Clicking on login link : [[ChromeDriver: chrome on windows (0473baf21ffccf8326d1b752f05aeeb3)] -> link text: Log in]
2023-12-17 23:12:430 INFO  LoginPage :54 - email [[ChromeDriver: chrome on windows (0473baf21ffccf8326d1b752f05aeeb3)] -> id: Email]
2023-12-17 23:12:509 INFO  LoginPage :60 - passward[[ChromeDriver: chrome on windows (0473baf21ffccf8326d1b752f05aeeb3)] -> name: Password]
2023-12-17 23:12:870 INFO  LoginPage :66 - login[[ChromeDriver: chrome on windows (0473baf21ffccf8326d1b752f05aeeb3)] -> xpath: //button[contains(text(),'Log in')]]
2023-12-17 23:12:590 INFO  HomePage :32 - Clicking on login link : [[ChromeDriver: chrome on windows (014ac85a9a1728073820b0041e737cfa)] -> link text: Log in]
2023-12-17 23:12:747 INFO  LoginPage :54 - email [[ChromeDriver: chrome on windows (014ac85a9a1728073820b0041e737cfa)] -> id: Email]
2023-12-17 23:12:873 INFO  LoginPage :60 - passward[[ChromeDriver: chrome on windows (014ac85a9a1728073820b0041e737cfa)] -> name: Password]
2023-12-17 23:12:209 INFO  LoginPage :66 - login[[ChromeDriver: chrome on windows (014ac85a9a1728073820b0041e737cfa)] -> xpath: //button[contains(text(),'Log in')]]
2023-12-17 23:12:637 INFO  HomePage :37 - Clicking on register link : [[ChromeDriver: chrome on windows (b4563138a61de1ca9a7b0f1c8e344cb2)] -> link text: Register]
2023-12-17 23:12:682 INFO  RegisterPage :80 - Getting text from : [[ChromeDriver: chrome on windows (b4563138a61de1ca9a7b0f1c8e344cb2)] -> xpath: //h1[contains(text(),'Register')]]
2023-12-17 23:12:509 INFO  HomePage :37 - Clicking on register link : [[ChromeDriver: chrome on windows (9f9642a7a14437d13bb5516703d69bd5)] -> link text: Register]
2023-12-17 23:12:565 INFO  RegisterPage :102 - registerbutton: [[ChromeDriver: chrome on windows (9f9642a7a14437d13bb5516703d69bd5)] -> xpath: //h1[contains(text(),'Register')]]
2023-12-17 23:12:522 INFO  HomePage :37 - Clicking on register link : [[ChromeDriver: chrome on windows (cb6971057cda1acfdd320f50ac1ac839)] -> link text: Register]
2023-12-17 23:12:595 INFO  RegisterPage :102 - registerbutton: [[ChromeDriver: chrome on windows (cb6971057cda1acfdd320f50ac1ac839)] -> xpath: //h1[contains(text(),'Register')]]
2023-12-17 23:12:557 INFO  HomePage :37 - Clicking on register link : [[ChromeDriver: chrome on windows (10cac39322ec633a222c4dad96462249)] -> link text: Register]
2023-12-17 23:12:614 INFO  RegisterPage :102 - registerbutton: [[ChromeDriver: chrome on windows (10cac39322ec633a222c4dad96462249)] -> xpath: //h1[contains(text(),'Register')]]
2023-12-17 23:12:211 INFO  HomePage :37 - Clicking on register link : [[ChromeDriver: chrome on windows (e02bb48dd8b1dff99a2f7c2b238c7c49)] -> link text: Register]
2023-12-17 23:12:269 INFO  RegisterPage :102 - registerbutton: [[ChromeDriver: chrome on windows (e02bb48dd8b1dff99a2f7c2b238c7c49)] -> xpath: //h1[contains(text(),'Register')]]
2023-12-17 23:12:803 INFO  HomePage :37 - Clicking on register link : [[ChromeDriver: chrome on windows (be2608328a8f16f4f3ff04e75ced1d5f)] -> link text: Register]
2023-12-17 23:12:994 INFO  RegisterPage :127 - FemaleRadioButton[[ChromeDriver: chrome on windows (be2608328a8f16f4f3ff04e75ced1d5f)] -> id: gender-female]
2023-12-17 23:12:208 INFO  RegisterPage :133 - Firstname[[ChromeDriver: chrome on windows (be2608328a8f16f4f3ff04e75ced1d5f)] -> id: FirstName]
2023-12-17 23:12:356 INFO  RegisterPage :139 - Lastname[[ChromeDriver: chrome on windows (be2608328a8f16f4f3ff04e75ced1d5f)] -> id: LastName]
2023-12-18 00:12:840 INFO  HomePage :62 - Enter Computer Link [[ChromeDriver: chrome on windows (f681782521bf53144c50e9808261d485)] -> link text: Computers]
2023-12-18 00:12:89 INFO  HomePage :71 - Getting computer Text [[ChromeDriver: chrome on windows (f681782521bf53144c50e9808261d485)] -> xpath: (//h1[normalize-space()='Computers'])[1]]
2023-12-18 00:12:253 INFO  HomePage :62 - Enter Computer Link [[ChromeDriver: chrome on windows (da5e1a08290aa23f193345e820075f20)] -> link text: Computers]
2023-12-18 00:12:87 INFO  HomePage :18 - Enter On Desktops [[ChromeDriver: chrome on windows (da5e1a08290aa23f193345e820075f20)] -> xpath: (//a[normalize-space()='Desktops'])[3]]
2023-12-18 00:12:311 INFO  HomePage :71 - Getting computer Text Proxy element for: DefaultElementLocator 'By.xpath: (//h1[normalize-space()='Computers'])[1]'
2023-12-18 00:12:460 INFO  HomePage :62 - Enter Computer Link [[ChromeDriver: chrome on windows (0494fb86012d327c6c2466472abdb7c0)] -> link text: Computers]
2023-12-18 00:12:178 INFO  HomePage :18 - Enter On Desktops [[ChromeDriver: chrome on windows (0494fb86012d327c6c2466472abdb7c0)] -> xpath: (//a[normalize-space()='Desktops'])[3]]
2023-12-18 00:12:232 INFO  HomePage :27 - Click on Build Computer [[ChromeDriver: chrome on windows (0494fb86012d327c6c2466472abdb7c0)] -> css selector: body > div:nth-child(7) > div:nth-child(3) > div:nth-child(1) > div:nth-child(3) > div:nth-child(1) > div:nth-child(2) > div:nth-child(2) > div:nth-child(2) > div:nth-child(1) > div:nth-child(1) > div:nth-child(1) > div:nth-child(1)]
2023-12-18 00:12:497 INFO  HomePage :62 - Enter Computer Link [[ChromeDriver: chrome on windows (3df477b1e029b6adb60a691da278fec4)] -> link text: Computers]
2023-12-18 00:12:97 INFO  HomePage :18 - Enter On Desktops [[ChromeDriver: chrome on windows (3df477b1e029b6adb60a691da278fec4)] -> xpath: (//a[normalize-space()='Desktops'])[3]]
2023-12-18 00:12:118 INFO  HomePage :27 - Click on Build Computer [[ChromeDriver: chrome on windows (3df477b1e029b6adb60a691da278fec4)] -> css selector: body > div:nth-child(7) > div:nth-child(3) > div:nth-child(1) > div:nth-child(3) > div:nth-child(1) > div:nth-child(2) > div:nth-child(2) > div:nth-child(2) > div:nth-child(1) > div:nth-child(1) > div:nth-child(1) > div:nth-child(1)]
2023-12-18 00:12:498 INFO  HomePage :62 - Enter Computer Link [[ChromeDriver: chrome on windows (b051d0d667db10436e9659d8c80fb130)] -> link text: Computers]
2023-12-18 00:12:262 INFO  HomePage :18 - Enter On Desktops [[ChromeDriver: chrome on windows (b051d0d667db10436e9659d8c80fb130)] -> xpath: (//a[normalize-space()='Desktops'])[3]]
2023-12-18 00:12:281 INFO  HomePage :27 - Click on Build Computer [[ChromeDriver: chrome on windows (b051d0d667db10436e9659d8c80fb130)] -> css selector: body > div:nth-child(7) > div:nth-child(3) > div:nth-child(1) > div:nth-child(3) > div:nth-child(1) > div:nth-child(2) > div:nth-child(2) > div:nth-child(2) > div:nth-child(1) > div:nth-child(1) > div:nth-child(1) > div:nth-child(1)]
2023-12-18 00:12:938 INFO  HomePage :62 - Enter Computer Link [[ChromeDriver: chrome on windows (f99f8d976e5dd2f14af655b9697cc7d3)] -> link text: Computers]
2023-12-18 00:12:981 INFO  HomePage :71 - Getting computer Text [[ChromeDriver: chrome on windows (f99f8d976e5dd2f14af655b9697cc7d3)] -> xpath: (//h1[normalize-space()='Computers'])[1]]
2023-12-18 00:12:909 INFO  HomePage :62 - Enter Computer Link [[ChromeDriver: chrome on windows (25f86b72ef0b4baf139ad98561bead95)] -> link text: Computers]
2023-12-18 00:12:373 INFO  HomePage :18 - Enter On Desktops [[ChromeDriver: chrome on windows (25f86b72ef0b4baf139ad98561bead95)] -> xpath: (//a[normalize-space()='Desktops'])[3]]
2023-12-18 00:12:455 INFO  HomePage :71 - Getting computer Text Proxy element for: DefaultElementLocator 'By.xpath: (//h1[normalize-space()='Computers'])[1]'
2023-12-18 00:12:672 INFO  HomePage :62 - Enter Computer Link [[ChromeDriver: chrome on windows (c67d8093645ba16230fc6d32535b0dfd)] -> link text: Computers]
2023-12-18 00:12:101 INFO  HomePage :18 - Enter On Desktops [[ChromeDriver: chrome on windows (c67d8093645ba16230fc6d32535b0dfd)] -> xpath: (//a[normalize-space()='Desktops'])[3]]
2023-12-18 00:12:125 INFO  HomePage :27 - Click on Build Computer [[ChromeDriver: chrome on windows (c67d8093645ba16230fc6d32535b0dfd)] -> css selector: body > div:nth-child(7) > div:nth-child(3) > div:nth-child(1) > div:nth-child(3) > div:nth-child(1) > div:nth-child(2) > div:nth-child(2) > div:nth-child(2) > div:nth-child(1) > div:nth-child(1) > div:nth-child(1) > div:nth-child(1)]
2023-12-18 00:12:960 INFO  HomePage :62 - Enter Computer Link [[ChromeDriver: chrome on windows (cf44e5bfd9532366d12e3ea44ec8f885)] -> link text: Computers]
2023-12-18 00:12:433 INFO  HomePage :18 - Enter On Desktops [[ChromeDriver: chrome on windows (cf44e5bfd9532366d12e3ea44ec8f885)] -> xpath: (//a[normalize-space()='Desktops'])[3]]
2023-12-18 00:12:451 INFO  HomePage :27 - Click on Build Computer [[ChromeDriver: chrome on windows (cf44e5bfd9532366d12e3ea44ec8f885)] -> css selector: body > div:nth-child(7) > div:nth-child(3) > div:nth-child(1) > div:nth-child(3) > div:nth-child(1) > div:nth-child(2) > div:nth-child(2) > div:nth-child(2) > div:nth-child(1) > div:nth-child(1) > div:nth-child(1) > div:nth-child(1)]
2023-12-18 00:12:157 INFO  HomePage :62 - Enter Computer Link [[ChromeDriver: chrome on windows (cc3cb2bd2386698f97de8eb01a01adc2)] -> link text: Computers]
2023-12-18 00:12:552 INFO  HomePage :18 - Enter On Desktops [[ChromeDriver: chrome on windows (cc3cb2bd2386698f97de8eb01a01adc2)] -> xpath: (//a[normalize-space()='Desktops'])[3]]
2023-12-18 00:12:570 INFO  HomePage :27 - Click on Build Computer [[ChromeDriver: chrome on windows (cc3cb2bd2386698f97de8eb01a01adc2)] -> css selector: body > div:nth-child(7) > div:nth-child(3) > div:nth-child(1) > div:nth-child(3) > div:nth-child(1) > div:nth-child(2) > div:nth-child(2) > div:nth-child(2) > div:nth-child(1) > div:nth-child(1) > div:nth-child(1) > div:nth-child(1)]
2023-12-18 00:12:640 INFO  HomePage :49 - Clicking on register link : [[ChromeDriver: chrome on windows (2bcb628c3ab0d4baf7d996051788e1b7)] -> link text: Register]
2023-12-18 00:12:773 INFO  HomePage :73 - Getting register text [[ChromeDriver: chrome on windows (2bcb628c3ab0d4baf7d996051788e1b7)] -> css selector: div[class='page-title'] h1]
2023-12-18 00:12:425 INFO  HomePage :49 - Clicking on register link : [[ChromeDriver: chrome on windows (6b45a2c8f3eba4243aca955d7c7dba31)] -> link text: Register]
2023-12-18 00:12:122 INFO  HomePage :49 - Clicking on register link : [[ChromeDriver: chrome on windows (dedad43bea99cca94e800bf7b2dde3b6)] -> link text: Register]
2023-12-18 00:12:02 INFO  HomePage :49 - Clicking on register link : [[ChromeDriver: chrome on windows (fcc7fcbc993251b001a42cacb55365ed)] -> link text: Register]
2023-12-18 00:12:802 INFO  HomePage :49 - Clicking on register link : [[ChromeDriver: chrome on windows (49e20031fa77d10f019a977895453880)] -> link text: Register]
2023-12-18 00:12:351 INFO  HomePage :49 - Clicking on register link : [[ChromeDriver: chrome on windows (5315dd967f968c525147af09c5a7a7bf)] -> link text: Register]
2023-12-18 00:12:498 INFO  HomePage :81 - Enter first name [[ChromeDriver: chrome on windows (5315dd967f968c525147af09c5a7a7bf)] -> id: FirstName]
2023-12-18 00:12:394 INFO  HomePage :86 - Enter last name [[ChromeDriver: chrome on windows (5315dd967f968c525147af09c5a7a7bf)] -> id: LastName]
2023-12-18 00:12:629 INFO  HomePage :91 - Enter Date [[ChromeDriver: chrome on windows (5315dd967f968c525147af09c5a7a7bf)] -> xpath: /html[1]/body[1]/div[6]/div[3]/div[1]/div[1]/div[1]/div[2]/form[1]/div[1]/div[2]/div[4]/div[1]/select[1]]
2023-12-18 00:12:135 INFO  HomePage :49 - Clicking on register link : [[ChromeDriver: chrome on windows (8e5b6f189bf515352424bbd486bae5ea)] -> link text: Register]
2023-12-18 00:12:597 INFO  HomePage :81 - Enter first name [[ChromeDriver: chrome on windows (8e5b6f189bf515352424bbd486bae5ea)] -> id: FirstName]
2023-12-18 00:12:389 INFO  HomePage :86 - Enter last name [[ChromeDriver: chrome on windows (8e5b6f189bf515352424bbd486bae5ea)] -> id: LastName]
2023-12-18 00:12:638 INFO  HomePage :91 - Enter Date [[ChromeDriver: chrome on windows (8e5b6f189bf515352424bbd486bae5ea)] -> xpath: /html[1]/body[1]/div[6]/div[3]/div[1]/div[1]/div[1]/div[2]/form[1]/div[1]/div[2]/div[4]/div[1]/select[1]]
2023-12-18 00:12:518 INFO  HomePage :44 - Clicking on login link : [[ChromeDriver: chrome on windows (ec0cba8a3d8d398f98d0525552a5123e)] -> link text: Log in]
2023-12-18 00:12:722 INFO  LoginPage :47 - Getting text from : [[ChromeDriver: chrome on windows (ec0cba8a3d8d398f98d0525552a5123e)] -> xpath: //h1[contains(text(),'Welcome, Please Sign In!')]]
2023-12-18 00:12:758 INFO  HomePage :44 - Clicking on login link : [[ChromeDriver: chrome on windows (43557c2ecf3f190de67846a66f0b4420)] -> link text: Log in]
2023-12-18 00:12:967 INFO  LoginPage :54 - email [[ChromeDriver: chrome on windows (43557c2ecf3f190de67846a66f0b4420)] -> id: Email]
2023-12-18 00:12:172 INFO  LoginPage :60 - passward[[ChromeDriver: chrome on windows (43557c2ecf3f190de67846a66f0b4420)] -> name: Password]
2023-12-18 00:12:540 INFO  LoginPage :66 - login[[ChromeDriver: chrome on windows (43557c2ecf3f190de67846a66f0b4420)] -> xpath: //button[contains(text(),'Log in')]]
2023-12-18 00:12:598 INFO  LoginPage :70 - error[[ChromeDriver: chrome on windows (43557c2ecf3f190de67846a66f0b4420)] -> xpath: //div[@class='message-error validation-summary-errors']]
2023-12-18 00:12:69 INFO  HomePage :44 - Clicking on login link : [[ChromeDriver: chrome on windows (8cc21ac442ba16ccec78063468be2c7e)] -> link text: Log in]
2023-12-18 00:12:408 INFO  LoginPage :54 - email [[ChromeDriver: chrome on windows (8cc21ac442ba16ccec78063468be2c7e)] -> id: Email]
2023-12-18 00:12:625 INFO  LoginPage :60 - passward[[ChromeDriver: chrome on windows (8cc21ac442ba16ccec78063468be2c7e)] -> name: Password]
2023-12-18 00:12:212 INFO  LoginPage :66 - login[[ChromeDriver: chrome on windows (8cc21ac442ba16ccec78063468be2c7e)] -> xpath: //button[contains(text(),'Log in')]]
2023-12-18 00:12:195 INFO  HomePage :44 - Clicking on login link : [[ChromeDriver: chrome on windows (20736e54160bd2d3e15d38e4926b86ce)] -> link text: Log in]
2023-12-18 00:12:425 INFO  LoginPage :54 - email [[ChromeDriver: chrome on windows (20736e54160bd2d3e15d38e4926b86ce)] -> id: Email]
2023-12-18 00:12:575 INFO  LoginPage :60 - passward[[ChromeDriver: chrome on windows (20736e54160bd2d3e15d38e4926b86ce)] -> name: Password]
2023-12-18 00:12:984 INFO  LoginPage :66 - login[[ChromeDriver: chrome on windows (20736e54160bd2d3e15d38e4926b86ce)] -> xpath: //button[contains(text(),'Log in')]]
2023-12-18 00:12:832 INFO  HomePage :62 - Enter Computer Link [[ChromeDriver: chrome on windows (4207c0e9fc960262993b7e44df7cd89c)] -> link text: Computers]
2023-12-18 00:12:72 INFO  HomePage :71 - Getting computer Text [[ChromeDriver: chrome on windows (4207c0e9fc960262993b7e44df7cd89c)] -> xpath: (//h1[normalize-space()='Computers'])[1]]
2023-12-18 00:12:557 INFO  HomePage :62 - Enter Computer Link [[ChromeDriver: chrome on windows (10f8ca00fc92eb5d1698014d5a2d90c9)] -> link text: Computers]
2023-12-18 00:12:245 INFO  HomePage :18 - Enter On Desktops [[ChromeDriver: chrome on windows (10f8ca00fc92eb5d1698014d5a2d90c9)] -> xpath: (//a[normalize-space()='Desktops'])[3]]
2023-12-18 00:12:321 INFO  HomePage :71 - Getting computer Text Proxy element for: DefaultElementLocator 'By.xpath: (//h1[normalize-space()='Computers'])[1]'
2023-12-18 00:12:990 INFO  HomePage :62 - Enter Computer Link [[ChromeDriver: chrome on windows (4316497d8990e11c5c534e9934645d53)] -> link text: Computers]
2023-12-18 00:12:622 INFO  HomePage :18 - Enter On Desktops [[ChromeDriver: chrome on windows (4316497d8990e11c5c534e9934645d53)] -> xpath: (//a[normalize-space()='Desktops'])[3]]
2023-12-18 00:12:684 INFO  HomePage :27 - Click on Build Computer [[ChromeDriver: chrome on windows (4316497d8990e11c5c534e9934645d53)] -> css selector: body > div:nth-child(7) > div:nth-child(3) > div:nth-child(1) > div:nth-child(3) > div:nth-child(1) > div:nth-child(2) > div:nth-child(2) > div:nth-child(2) > div:nth-child(1) > div:nth-child(1) > div:nth-child(1) > div:nth-child(1)]
2023-12-18 00:12:736 INFO  HomePage :62 - Enter Computer Link [[ChromeDriver: chrome on windows (8783ac7e4f78fec64c68845a27f3909d)] -> link text: Computers]
2023-12-18 00:12:447 INFO  HomePage :18 - Enter On Desktops [[ChromeDriver: chrome on windows (8783ac7e4f78fec64c68845a27f3909d)] -> xpath: (//a[normalize-space()='Desktops'])[3]]
2023-12-18 00:12:607 INFO  HomePage :27 - Click on Build Computer [[ChromeDriver: chrome on windows (8783ac7e4f78fec64c68845a27f3909d)] -> css selector: body > div:nth-child(7) > div:nth-child(3) > div:nth-child(1) > div:nth-child(3) > div:nth-child(1) > div:nth-child(2) > div:nth-child(2) > div:nth-child(2) > div:nth-child(1) > div:nth-child(1) > div:nth-child(1) > div:nth-child(1)]
2023-12-18 00:12:413 INFO  HomePage :62 - Enter Computer Link [[ChromeDriver: chrome on windows (c6ad479fb11b0bd641429aee53603d09)] -> link text: Computers]
2023-12-18 00:12:25 INFO  HomePage :18 - Enter On Desktops [[ChromeDriver: chrome on windows (c6ad479fb11b0bd641429aee53603d09)] -> xpath: (//a[normalize-space()='Desktops'])[3]]
2023-12-18 00:12:49 INFO  HomePage :27 - Click on Build Computer [[ChromeDriver: chrome on windows (c6ad479fb11b0bd641429aee53603d09)] -> css selector: body > div:nth-child(7) > div:nth-child(3) > div:nth-child(1) > div:nth-child(3) > div:nth-child(1) > div:nth-child(2) > div:nth-child(2) > div:nth-child(2) > div:nth-child(1) > div:nth-child(1) > div:nth-child(1) > div:nth-child(1)]
2023-12-18 00:12:260 INFO  HomePage :44 - Clicking on login link : [[ChromeDriver: chrome on windows (1daad99f668d17a2b63fda2caaa0bbf2)] -> link text: Log in]
2023-12-18 00:12:477 INFO  LoginPage :47 - Getting text from : [[ChromeDriver: chrome on windows (1daad99f668d17a2b63fda2caaa0bbf2)] -> xpath: //h1[contains(text(),'Welcome, Please Sign In!')]]
2023-12-18 00:12:223 INFO  HomePage :44 - Clicking on login link : [[ChromeDriver: chrome on windows (d19380cb41d1d53f7d2320ca40b50cee)] -> link text: Log in]
2023-12-18 00:12:652 INFO  LoginPage :54 - email [[ChromeDriver: chrome on windows (d19380cb41d1d53f7d2320ca40b50cee)] -> id: Email]
2023-12-18 00:12:968 INFO  LoginPage :60 - passward[[ChromeDriver: chrome on windows (d19380cb41d1d53f7d2320ca40b50cee)] -> name: Password]
2023-12-18 00:12:681 INFO  LoginPage :66 - login[[ChromeDriver: chrome on windows (d19380cb41d1d53f7d2320ca40b50cee)] -> xpath: //button[contains(text(),'Log in')]]
2023-12-18 00:12:936 INFO  LoginPage :70 - error[[ChromeDriver: chrome on windows (d19380cb41d1d53f7d2320ca40b50cee)] -> xpath: //div[@class='message-error validation-summary-errors']]
2023-12-18 00:12:433 INFO  HomePage :44 - Clicking on login link : [[ChromeDriver: chrome on windows (fcd2034944b00080be2ed06ecbecebd3)] -> link text: Log in]
2023-12-18 00:12:921 INFO  LoginPage :54 - email [[ChromeDriver: chrome on windows (fcd2034944b00080be2ed06ecbecebd3)] -> id: Email]
2023-12-18 00:12:196 INFO  LoginPage :60 - passward[[ChromeDriver: chrome on windows (fcd2034944b00080be2ed06ecbecebd3)] -> name: Password]
2023-12-18 00:12:684 INFO  LoginPage :66 - login[[ChromeDriver: chrome on windows (fcd2034944b00080be2ed06ecbecebd3)] -> xpath: //button[contains(text(),'Log in')]]
2023-12-18 00:12:273 INFO  HomePage :44 - Clicking on login link : [[ChromeDriver: chrome on windows (5dc6e80bb1f16e39a774085ef19c1a11)] -> link text: Log in]
2023-12-18 00:12:427 INFO  LoginPage :54 - email [[ChromeDriver: chrome on windows (5dc6e80bb1f16e39a774085ef19c1a11)] -> id: Email]
2023-12-18 00:12:540 INFO  LoginPage :60 - passward[[ChromeDriver: chrome on windows (5dc6e80bb1f16e39a774085ef19c1a11)] -> name: Password]
2023-12-18 00:12:914 INFO  LoginPage :66 - login[[ChromeDriver: chrome on windows (5dc6e80bb1f16e39a774085ef19c1a11)] -> xpath: //button[contains(text(),'Log in')]]
2023-12-18 00:12:838 INFO  HomePage :49 - Clicking on register link : [[ChromeDriver: chrome on windows (cf204fb33ec350f8c56496d267099a8c)] -> link text: Register]
2023-12-18 00:12:45 INFO  HomePage :73 - Getting register text [[ChromeDriver: chrome on windows (cf204fb33ec350f8c56496d267099a8c)] -> css selector: div[class='page-title'] h1]
2023-12-18 00:12:386 INFO  HomePage :49 - Clicking on register link : [[ChromeDriver: chrome on windows (a6fd12ba3ae0c98715eefe73b595bb54)] -> link text: Register]
2023-12-18 00:12:763 INFO  HomePage :81 - Enter first name [[ChromeDriver: chrome on windows (a6fd12ba3ae0c98715eefe73b595bb54)] -> id: FirstName]
2023-12-18 00:12:980 INFO  HomePage :86 - Enter last name [[ChromeDriver: chrome on windows (a6fd12ba3ae0c98715eefe73b595bb54)] -> id: LastName]
2023-12-18 00:12:146 INFO  HomePage :91 - Enter Date [[ChromeDriver: chrome on windows (a6fd12ba3ae0c98715eefe73b595bb54)] -> xpath: /html[1]/body[1]/div[6]/div[3]/div[1]/div[1]/div[1]/div[2]/form[1]/div[1]/div[2]/div[4]/div[1]/select[1]]
2023-12-18 23:12:123 INFO  HomePage :62 - Enter Computer Link [[ChromeDriver: chrome on windows (7dabd0fd2f8e1c0cc691239be400543d)] -> link text: Computers]
2023-12-18 23:12:685 INFO  HomePage :71 - Getting computer Text [[ChromeDriver: chrome on windows (7dabd0fd2f8e1c0cc691239be400543d)] -> xpath: (//h1[normalize-space()='Computers'])[1]]
2023-12-18 23:12:366 INFO  HomePage :62 - Enter Computer Link [[ChromeDriver: chrome on windows (b6ca8989b16a9ee11698cfd1bc35829e)] -> link text: Computers]
2023-12-18 23:12:884 INFO  ComputerPage :18 - Enter On Desktops [[ChromeDriver: chrome on windows (b6ca8989b16a9ee11698cfd1bc35829e)] -> xpath: (//a[normalize-space()='Desktops'])[3]]
2023-12-18 23:12:38 INFO  HomePage :71 - Getting computer Text Proxy element for: DefaultElementLocator 'By.xpath: (//h1[normalize-space()='Computers'])[1]'
2023-12-18 23:12:688 INFO  HomePage :62 - Enter Computer Link [[ChromeDriver: chrome on windows (e2e4023ffa4283ce563229adbf4d1977)] -> link text: Computers]
2023-12-18 23:12:09 INFO  ComputerPage :18 - Enter On Desktops [[ChromeDriver: chrome on windows (e2e4023ffa4283ce563229adbf4d1977)] -> xpath: (//a[normalize-space()='Desktops'])[3]]
2023-12-18 23:12:66 INFO  DesktopsPage :27 - Click on Build Computer [[ChromeDriver: chrome on windows (e2e4023ffa4283ce563229adbf4d1977)] -> css selector: body > div:nth-child(7) > div:nth-child(3) > div:nth-child(1) > div:nth-child(3) > div:nth-child(1) > div:nth-child(2) > div:nth-child(2) > div:nth-child(2) > div:nth-child(1) > div:nth-child(1) > div:nth-child(1) > div:nth-child(1)]
2023-12-18 23:12:400 INFO  HomePage :62 - Enter Computer Link [[ChromeDriver: chrome on windows (93e91ae4bb3e510499dd845fc783b8a8)] -> link text: Computers]
2023-12-18 23:12:798 INFO  ComputerPage :18 - Enter On Desktops [[ChromeDriver: chrome on windows (93e91ae4bb3e510499dd845fc783b8a8)] -> xpath: (//a[normalize-space()='Desktops'])[3]]
2023-12-18 23:12:821 INFO  DesktopsPage :27 - Click on Build Computer [[ChromeDriver: chrome on windows (93e91ae4bb3e510499dd845fc783b8a8)] -> css selector: body > div:nth-child(7) > div:nth-child(3) > div:nth-child(1) > div:nth-child(3) > div:nth-child(1) > div:nth-child(2) > div:nth-child(2) > div:nth-child(2) > div:nth-child(1) > div:nth-child(1) > div:nth-child(1) > div:nth-child(1)]
2023-12-18 23:12:996 INFO  HomePage :62 - Enter Computer Link [[ChromeDriver: chrome on windows (5558e982b56261e4c5f73846943bb56f)] -> link text: Computers]
2023-12-18 23:12:973 INFO  ComputerPage :18 - Enter On Desktops [[ChromeDriver: chrome on windows (5558e982b56261e4c5f73846943bb56f)] -> xpath: (//a[normalize-space()='Desktops'])[3]]
2023-12-18 23:12:997 INFO  DesktopsPage :27 - Click on Build Computer [[ChromeDriver: chrome on windows (5558e982b56261e4c5f73846943bb56f)] -> css selector: body > div:nth-child(7) > div:nth-child(3) > div:nth-child(1) > div:nth-child(3) > div:nth-child(1) > div:nth-child(2) > div:nth-child(2) > div:nth-child(2) > div:nth-child(1) > div:nth-child(1) > div:nth-child(1) > div:nth-child(1)]
2023-12-18 23:12:134 INFO  HomePage :44 - Clicking on login link : [[ChromeDriver: chrome on windows (750fcd6697fd238b6ce01be2fb978e1b)] -> link text: Log in]
2023-12-18 23:12:391 INFO  LoginPage :47 - Getting text from : [[ChromeDriver: chrome on windows (750fcd6697fd238b6ce01be2fb978e1b)] -> xpath: //h1[contains(text(),'Welcome, Please Sign In!')]]
2023-12-18 23:12:733 INFO  HomePage :44 - Clicking on login link : [[ChromeDriver: chrome on windows (190df990f60755297fae5d1855700273)] -> link text: Log in]
2023-12-18 23:12:224 INFO  LoginPage :54 - email [[ChromeDriver: chrome on windows (190df990f60755297fae5d1855700273)] -> id: Email]
2023-12-18 23:12:341 INFO  LoginPage :60 - passward[[ChromeDriver: chrome on windows (190df990f60755297fae5d1855700273)] -> name: Password]
2023-12-18 23:12:714 INFO  LoginPage :66 - login[[ChromeDriver: chrome on windows (190df990f60755297fae5d1855700273)] -> xpath: //button[contains(text(),'Log in')]]
2023-12-18 23:12:753 INFO  LoginPage :70 - error[[ChromeDriver: chrome on windows (190df990f60755297fae5d1855700273)] -> xpath: //div[@class='message-error validation-summary-errors']]
2023-12-18 23:12:294 INFO  HomePage :44 - Clicking on login link : [[ChromeDriver: chrome on windows (21dc250a4e6a4ff988e231374e8a106b)] -> link text: Log in]
2023-12-18 23:12:437 INFO  LoginPage :54 - email [[ChromeDriver: chrome on windows (21dc250a4e6a4ff988e231374e8a106b)] -> id: Email]
2023-12-18 23:12:516 INFO  LoginPage :60 - passward[[ChromeDriver: chrome on windows (21dc250a4e6a4ff988e231374e8a106b)] -> name: Password]
2023-12-18 23:12:813 INFO  LoginPage :66 - login[[ChromeDriver: chrome on windows (21dc250a4e6a4ff988e231374e8a106b)] -> xpath: //button[contains(text(),'Log in')]]
2023-12-18 23:12:932 INFO  HomePage :44 - Clicking on login link : [[ChromeDriver: chrome on windows (12cd91fd7cabac5838e45d6cfe6df24d)] -> link text: Log in]
2023-12-18 23:12:36 INFO  LoginPage :54 - email [[ChromeDriver: chrome on windows (12cd91fd7cabac5838e45d6cfe6df24d)] -> id: Email]
2023-12-18 23:12:113 INFO  LoginPage :60 - passward[[ChromeDriver: chrome on windows (12cd91fd7cabac5838e45d6cfe6df24d)] -> name: Password]
2023-12-18 23:12:492 INFO  LoginPage :66 - login[[ChromeDriver: chrome on windows (12cd91fd7cabac5838e45d6cfe6df24d)] -> xpath: //button[contains(text(),'Log in')]]
2023-12-18 23:12:554 INFO  HomePage :49 - Clicking on register link : [[ChromeDriver: chrome on windows (41bb52d88f2179af9dd06378184c68d0)] -> link text: Register]
2023-12-18 23:12:599 INFO  RegisterPage :73 - Getting register text [[ChromeDriver: chrome on windows (41bb52d88f2179af9dd06378184c68d0)] -> css selector: div[class='page-title'] h1]
2023-12-18 23:12:81 INFO  HomePage :49 - Clicking on register link : [[ChromeDriver: chrome on windows (89e5fe7ebf9ee71b88ea296da1385688)] -> link text: Register]
2023-12-18 23:12:199 INFO  RegisterPage :81 - Enter first name [[ChromeDriver: chrome on windows (89e5fe7ebf9ee71b88ea296da1385688)] -> id: FirstName]
2023-12-18 23:12:289 INFO  RegisterPage :86 - Enter last name [[ChromeDriver: chrome on windows (89e5fe7ebf9ee71b88ea296da1385688)] -> id: LastName]
2023-12-18 23:12:366 INFO  RegisterPage :91 - Enter Date [[ChromeDriver: chrome on windows (89e5fe7ebf9ee71b88ea296da1385688)] -> xpath: /html[1]/body[1]/div[6]/div[3]/div[1]/div[1]/div[1]/div[2]/form[1]/div[1]/div[2]/div[4]/div[1]/select[1]]
